<?xml version="1.0" encoding="UTF-8"?>
<coverage generated="1725942776831" clover="3.2.0">
  <project timestamp="1725942776831" name="All files">
    <metrics statements="8" coveredstatements="7" conditionals="0" coveredconditionals="0" methods="4" coveredmethods="3" elements="12" coveredelements="10" complexity="0" loc="8" ncloc="8" packages="1" files="3" classes="3"/>
    <file name="cloneArray.js" path="C:\Users\eliyas.sulthan\OneDrive - SENSIPLE\Desktop\eliyas\nodejs-server\nodejs-server\app\cloneArray.js">
      <metrics statements="3" coveredstatements="3" conditionals="0" coveredconditionals="0" methods="1" coveredmethods="1"/>
      <line num="1" count="1" type="stmt"/>
      <line num="4" count="2" type="stmt"/>
      <line num="7" count="1" type="stmt"/>
    </file>
    <file name="subtract.js" path="C:\Users\eliyas.sulthan\OneDrive - SENSIPLE\Desktop\eliyas\nodejs-server\nodejs-server\app\subtract.js">
      <metrics statements="2" coveredstatements="2" conditionals="0" coveredconditionals="0" methods="1" coveredmethods="1"/>
      <line num="2" count="1" type="stmt"/>
      <line num="5" count="1" type="stmt"/>
    </file>
    <file name="sum.js" path="C:\Users\eliyas.sulthan\OneDrive - SENSIPLE\Desktop\eliyas\nodejs-server\nodejs-server\app\sum.js">
      <metrics statements="3" coveredstatements="2" conditionals="0" coveredconditionals="0" methods="2" coveredmethods="1"/>
      <line num="2" count="1" type="stmt"/>
      <line num="6" count="0" type="stmt"/>
      <line num="9" count="1" type="stmt"/>
    </file>
  </project>
</coverage>
