{"C:\\Users\\eliyas.sulthan\\OneDrive - SENSIPLE\\Desktop\\eliyas\\nodejs-server\\nodejs-server\\app\\cloneArray.js": {"path":"C:\\Users\\eliyas.sulthan\\OneDrive - SENSIPLE\\Desktop\\eliyas\\nodejs-server\\nodejs-server\\app\\cloneArray.js","statementMap":{"0":{"start":{"line":1,"column":18},"end":{"line":1,"column":34}},"1":{"start":{"line":4,"column":2},"end":{"line":4,"column":19}},"2":{"start":{"line":7,"column":0},"end":{"line":7,"column":27}}},"fnMap":{"0":{"name":"cloneArray","decl":{"start":{"line":3,"column":9},"end":{"line":3,"column":19}},"loc":{"start":{"line":3,"column":28},"end":{"line":5,"column":1}},"line":3}},"branchMap":{},"s":{"0":1,"1":2,"2":1},"f":{"0":2},"b":{},"_coverageSchema":"1a1c01bbd47fc00a2c39e90264f33305004495a9","hash":"8d1de0cab1a300046d68a267a39a07d49e03be74"}
,"C:\\Users\\eliyas.sulthan\\OneDrive - SENSIPLE\\Desktop\\eliyas\\nodejs-server\\nodejs-server\\app\\subtract.js": {"path":"C:\\Users\\eliyas.sulthan\\OneDrive - SENSIPLE\\Desktop\\eliyas\\nodejs-server\\nodejs-server\\app\\subtract.js","statementMap":{"0":{"start":{"line":2,"column":2},"end":{"line":2,"column":13}},"1":{"start":{"line":5,"column":0},"end":{"line":5,"column":25}}},"fnMap":{"0":{"name":"subtract","decl":{"start":{"line":1,"column":9},"end":{"line":1,"column":17}},"loc":{"start":{"line":1,"column":23},"end":{"line":3,"column":1}},"line":1}},"branchMap":{},"s":{"0":1,"1":1},"f":{"0":1},"b":{},"_coverageSchema":"1a1c01bbd47fc00a2c39e90264f33305004495a9","hash":"bb9112fe2ce0911bfd6d01a5cb2623eee9df6b6a"}
,"C:\\Users\\eliyas.sulthan\\OneDrive - SENSIPLE\\Desktop\\eliyas\\nodejs-server\\nodejs-server\\app\\sum.js": {"path":"C:\\Users\\eliyas.sulthan\\OneDrive - SENSIPLE\\Desktop\\eliyas\\nodejs-server\\nodejs-server\\app\\sum.js","statementMap":{"0":{"start":{"line":2,"column":2},"end":{"line":2,"column":13}},"1":{"start":{"line":6,"column":2},"end":{"line":6,"column":35}},"2":{"start":{"line":9,"column":0},"end":{"line":9,"column":20}}},"fnMap":{"0":{"name":"sum","decl":{"start":{"line":1,"column":9},"end":{"line":1,"column":12}},"loc":{"start":{"line":1,"column":19},"end":{"line":3,"column":1}},"line":1},"1":{"name":"helper","decl":{"start":{"line":5,"column":9},"end":{"line":5,"column":15}},"loc":{"start":{"line":5,"column":18},"end":{"line":7,"column":1}},"line":5}},"branchMap":{},"s":{"0":1,"1":0,"2":1},"f":{"0":1,"1":0},"b":{},"_coverageSchema":"1a1c01bbd47fc00a2c39e90264f33305004495a9","hash":"c73868df033f6c08e3219c0a637d8c3dd8898d83"}
}
